<?xml version="1.0" encoding="UTF-8"?>
<!-- Generated by org.testng.reporters.JUnitReportReporter -->
<testsuite hostname="DESKTOP-592EJ86" failures="0" tests="2" name="DAY9" time="0.012" errors="0" timestamp="2023-05-02T09:55:39 IST" skipped="0">
  <testcase classname="DAY9" name="add" time="0.010"/>
  <system-out/>
  <testcase classname="DAY9" name="add" time="0.002"/>
  <system-out/>
</testsuite> <!-- DAY9 -->
